<?xml version="1.0" encoding="UTF-8"?>
<!-- Generated by org.testng.reporters.JUnitReportReporter -->
<testsuite skipped="0" hostname="ATMECSINLT-087" name="com.atmecs.konakartautomation.testscripts.HomePageSearchBoxFunctionality" tests="1" failures="0" timestamp="10 Oct 2019 15:10:18 GMT" time="8.869" errors="0">
  <testcase name="searchBox" time="8.869" classname="com.atmecs.konakartautomation.testscripts.HomePageSearchBoxFunctionality"/>
</testsuite> <!-- com.atmecs.konakartautomation.testscripts.HomePageSearchBoxFunctionality -->
