<?xml version="1.0" encoding="UTF-8"?>
<!-- Generated by org.testng.reporters.JUnitReportReporter -->
<testsuite skipped="0" hostname="ATMECSINLT-087" name="com.atmecs.konakartautomation.testscripts.PriceSlideBarFunctionality" tests="4" failures="0" timestamp="10 Oct 2019 15:10:18 GMT" time="29.348" errors="0">
  <testcase name="priceSlideBar" time="6.639" classname="com.atmecs.konakartautomation.testscripts.PriceSlideBarFunctionality"/>
  <testcase name="priceSlideBar" time="7.173" classname="com.atmecs.konakartautomation.testscripts.PriceSlideBarFunctionality"/>
  <testcase name="priceSlideBar" time="8.997" classname="com.atmecs.konakartautomation.testscripts.PriceSlideBarFunctionality"/>
  <testcase name="priceSlideBar" time="6.539" classname="com.atmecs.konakartautomation.testscripts.PriceSlideBarFunctionality"/>
</testsuite> <!-- com.atmecs.konakartautomation.testscripts.PriceSlideBarFunctionality -->
