<?xml version="1.0" encoding="UTF-8"?>
<!-- Generated by org.testng.reporters.JUnitReportReporter -->
<testsuite skipped="0" hostname="ATMECSINLT-087" name="com.atmecs.konakartautomation.testscripts.ComuterPeripheralsFunctionality" tests="4" failures="0" timestamp="10 Oct 2019 15:10:18 GMT" time="6.407" errors="0">
  <testcase name="searchBoxWithoutSearchOption" time="2.685" classname="com.atmecs.konakartautomation.testscripts.ComuterPeripheralsFunctionality"/>
  <testcase name="searchBoxWithSearchOption" time="3.183" classname="com.atmecs.konakartautomation.testscripts.ComuterPeripheralsFunctionality"/>
  <testcase name="productDetailsVerify" time="0.202" classname="com.atmecs.konakartautomation.testscripts.ComuterPeripheralsFunctionality"/>
  <testcase name="productDetailsVerify" time="0.337" classname="com.atmecs.konakartautomation.testscripts.ComuterPeripheralsFunctionality"/>
</testsuite> <!-- com.atmecs.konakartautomation.testscripts.ComuterPeripheralsFunctionality -->
