<?xml version="1.0" encoding="UTF-8"?>
<!-- Generated by org.testng.reporters.JUnitReportReporter -->
<testsuite skipped="0" hostname="ATMECSINLT-087" name="com.atmecs.konakartautomation.testscripts.HeroImageFunctionality" tests="5" failures="0" timestamp="10 Oct 2019 15:10:18 GMT" time="35.761" errors="0">
  <testcase name="heroImageSelect" time="4.490" classname="com.atmecs.konakartautomation.testscripts.HeroImageFunctionality"/>
  <testcase name="heroImgContent" time="0.029" classname="com.atmecs.konakartautomation.testscripts.HeroImageFunctionality"/>
  <testcase name="heroImgContent" time="0.835" classname="com.atmecs.konakartautomation.testscripts.HeroImageFunctionality"/>
  <testcase name="heroImgSortingDateFunctionality" time="14.647" classname="com.atmecs.konakartautomation.testscripts.HeroImageFunctionality"/>
  <testcase name="heroImgSortingRatingFunctionality" time="15.760" classname="com.atmecs.konakartautomation.testscripts.HeroImageFunctionality"/>
</testsuite> <!-- com.atmecs.konakartautomation.testscripts.HeroImageFunctionality -->
