<?xml version="1.0" encoding="UTF-8"?>
<!-- Generated by org.testng.reporters.JUnitReportReporter -->
<testsuite skipped="0" hostname="ATMECSINLT-087" name="com.atmecs.konakartautomation.testscripts.ComuterPeripheralsFunctionality" tests="4" failures="0" timestamp="02 Nov 2019 06:17:36 GMT" time="8.186" errors="0">
  <testcase name="searchBoxWithoutSearchOption" time="2.768" classname="com.atmecs.konakartautomation.testscripts.ComuterPeripheralsFunctionality"/>
  <testcase name="searchBoxWithSearchOption" time="4.767" classname="com.atmecs.konakartautomation.testscripts.ComuterPeripheralsFunctionality"/>
  <testcase name="productDetailsVerify" time="0.303" classname="com.atmecs.konakartautomation.testscripts.ComuterPeripheralsFunctionality"/>
  <testcase name="productDetailsVerify" time="0.348" classname="com.atmecs.konakartautomation.testscripts.ComuterPeripheralsFunctionality"/>
</testsuite> <!-- com.atmecs.konakartautomation.testscripts.ComuterPeripheralsFunctionality -->
