<?xml version="1.0" encoding="UTF-8"?>
<!-- Generated by org.testng.reporters.JUnitReportReporter -->
<testsuite skipped="0" hostname="ATMECSINLT-087" name="com.atmecs.konakartautomation.testscripts.Scenario3" tests="3" failures="0" timestamp="09 Oct 2019 10:21:10 GMT" time="5.243" errors="0">
  <testcase name="test2" time="4.805" classname="com.atmecs.konakartautomation.testscripts.Scenario3"/>
  <testcase name="productDetailsVerify" time="0.247" classname="com.atmecs.konakartautomation.testscripts.Scenario3"/>
  <testcase name="productDetailsVerify" time="0.191" classname="com.atmecs.konakartautomation.testscripts.Scenario3"/>
</testsuite> <!-- com.atmecs.konakartautomation.testscripts.Scenario3 -->
