<?xml version="1.0" encoding="UTF-8"?>
<!-- Generated by org.testng.reporters.JUnitReportReporter -->
<testsuite skipped="0" hostname="ATMECSINLT-087" name="com.atmecs.konakartautomation.testscripts.Scenario2" tests="5" failures="0" timestamp="09 Oct 2019 12:50:28 GMT" time="39.018" errors="0">
  <testcase name="heroImageSelect" time="5.766" classname="com.atmecs.konakartautomation.testscripts.Scenario2"/>
  <testcase name="heroImgContent" time="0.656" classname="com.atmecs.konakartautomation.testscripts.Scenario2"/>
  <testcase name="heroImgContent" time="0.076" classname="com.atmecs.konakartautomation.testscripts.Scenario2"/>
  <testcase name="heroImgSortingDateFunctionality" time="15.234" classname="com.atmecs.konakartautomation.testscripts.Scenario2"/>
  <testcase name="heroImgSortingRatingFunctionality" time="17.286" classname="com.atmecs.konakartautomation.testscripts.Scenario2"/>
</testsuite> <!-- com.atmecs.konakartautomation.testscripts.Scenario2 -->
